#
# There is insufficient memory for the Java Runtime Environment to continue.
# Native memory allocation (malloc) failed to allocate 32744 bytes for ChunkPool::allocate
# Possible reasons:
#   The system is out of physical RAM or swap space
#   The process is running with CompressedOops enabled, and the Java Heap may be blocking the growth of the native heap
# Possible solutions:
#   Reduce memory load on the system
#   Increase physical memory or swap space
#   Check if swap backing store is full
#   Decrease Java heap size (-Xmx/-Xms)
#   Decrease number of Java threads
#   Decrease Java thread stack sizes (-Xss)
#   Set larger code cache with -XX:ReservedCodeCacheSize=
#   JVM is running with Unscaled Compressed Oops mode in which the Java heap is
#     placed in the first 4GB address space. The Java Heap base address is the
#     maximum limit for the native heap growth. Please use -XX:HeapBaseMinAddress
#     to set the Java Heap base and to place the Java Heap above 4GB virtual address.
# This output file may be truncated or incomplete.
#
#  Out of Memory Error (allocation.cpp:272), pid=14408, tid=0x00000000000055d0
#
# JRE version: Java(TM) SE Runtime Environment (8.0_251-b08) (build 1.8.0_251-b08)
# Java VM: Java HotSpot(TM) 64-Bit Server VM (25.251-b08 mixed mode windows-amd64 compressed oops)
# Failed to write core dump. Minidumps are not enabled by default on client versions of Windows
#

---------------  T H R E A D  ---------------

Current thread (0x0000000017c25800):  JavaThread "C1 CompilerThread2" daemon [_thread_in_native, id=21968, stack(0x0000000019430000,0x0000000019530000)]

Stack: [0x0000000019430000,0x0000000019530000]
[error occurred during error reporting (printing stack bounds), id 0xc0000005]

Native frames: (J=compiled Java code, j=interpreted, Vv=VM code, C=native code)


Current CompileTask:
C1:  10954 3255       1       org.h2.command.Parser::readCondition (1170 bytes)


---------------  P R O C E S S  ---------------

Java Threads: ( => current thread )
  0x000000001c41b000 JavaThread "container-0" [_thread_blocked, id=24200, stack(0x000000001db80000,0x000000001dc80000)]
  0x000000001c41d000 JavaThread "Catalina-utility-2" [_thread_blocked, id=18408, stack(0x000000001d980000,0x000000001da80000)]
  0x000000001c41c800 JavaThread "Catalina-utility-1" [_thread_blocked, id=17208, stack(0x000000001d880000,0x000000001d980000)]
  0x000000001c418800 JavaThread "HikariPool-1 connection adder" daemon [_thread_blocked, id=19272, stack(0x000000001d780000,0x000000001d880000)]
  0x000000001c41b800 JavaThread "HikariPool-1 housekeeper" daemon [_thread_blocked, id=17604, stack(0x000000001b2b0000,0x000000001b3b0000)]
  0x000000001a29d800 JavaThread "restartedMain" [_thread_in_native, id=23268, stack(0x000000001b1b0000,0x000000001b2b0000)]
  0x000000001a29c800 JavaThread "Thread-2" [_thread_blocked, id=9248, stack(0x000000001b0b0000,0x000000001b1b0000)]
  0x000000001a1b4000 JavaThread "JMX server connection timeout 17" daemon [_thread_blocked, id=13660, stack(0x000000001adb0000,0x000000001aeb0000)]
  0x000000001a110000 JavaThread "RMI TCP Connection(2)-127.0.0.1" daemon [_thread_in_native, id=18876, stack(0x000000001acb0000,0x000000001adb0000)]
  0x000000001a115000 JavaThread "RMI Scheduler(0)" daemon [_thread_blocked, id=16204, stack(0x000000001abb0000,0x000000001acb0000)]
  0x000000001a0ee800 JavaThread "RMI TCP Connection(1)-127.0.0.1" daemon [_thread_in_native, id=19712, stack(0x000000001aab0000,0x000000001abb0000)]
  0x000000001a035800 JavaThread "RMI TCP Accept-0" daemon [_thread_in_native, id=13404, stack(0x000000001a770000,0x000000001a870000)]
  0x000000001a032800 JavaThread "RMI TCP Accept-62579" daemon [_thread_in_native, id=5208, stack(0x000000001a670000,0x000000001a770000)]
  0x000000001a021800 JavaThread "RMI TCP Accept-0" daemon [_thread_in_native, id=21508, stack(0x000000001a570000,0x000000001a670000)]
  0x0000000017c2c000 JavaThread "Service Thread" daemon [_thread_blocked, id=23380, stack(0x0000000019930000,0x0000000019a30000)]
=>0x0000000017c25800 JavaThread "C1 CompilerThread2" daemon [_thread_in_native, id=21968, stack(0x0000000019430000,0x0000000019530000)]
  0x0000000017be8800 JavaThread "C2 CompilerThread1" daemon [_thread_blocked, id=24052, stack(0x0000000019330000,0x0000000019430000)]
  0x0000000017bd7000 JavaThread "C2 CompilerThread0" daemon [_thread_blocked, id=20564, stack(0x0000000019230000,0x0000000019330000)]
  0x0000000017bd3800 JavaThread "Attach Listener" daemon [_thread_blocked, id=9824, stack(0x0000000019130000,0x0000000019230000)]
  0x0000000017bd3000 JavaThread "Signal Dispatcher" daemon [_thread_blocked, id=18696, stack(0x0000000019030000,0x0000000019130000)]
  0x0000000017bbc000 JavaThread "Finalizer" daemon [_thread_blocked, id=7616, stack(0x0000000018e30000,0x0000000018f30000)]
  0x0000000017b99000 JavaThread "Reference Handler" daemon [_thread_blocked, id=11808, stack(0x0000000018d30000,0x0000000018e30000)]
  0x0000000002f77000 JavaThread "main" [_thread_blocked, id=2308, stack(0x0000000002e70000,0x0000000002f70000)]

Other Threads:
  0x0000000017b97800 VMThread [stack: 0x0000000018c30000,0x0000000018d30000] [id=24000]
  0x000000001a038800 WatcherThread [stack: 0x000000001a870000,0x000000001a970000] [id=24136]

VM state:not at safepoint (normal execution)

VM Mutex/Monitor currently owned by a thread: None

heap address: 0x0000000081600000, size: 2026 MB, Compressed Oops mode: 32-bit
Narrow klass base: 0x0000000000000000, Narrow klass shift: 3
Compressed class space size: 1073741824 Address: 0x0000000100000000

Heap:
 PSYoungGen      total 261632K, used 23612K [0x00000000d5d00000, 0x00000000e6a00000, 0x0000000100000000)
  eden space 247808K, 9% used [0x00000000d5d00000,0x00000000d740f338,0x00000000e4f00000)
  from space 13824K, 0% used [0x00000000e4f00000,0x00000000e4f00000,0x00000000e5c80000)
  to   space 11776K, 0% used [0x00000000e5e80000,0x00000000e5e80000,0x00000000e6a00000)
 ParOldGen       total 45568K, used 20265K [0x0000000081600000, 0x0000000084280000, 0x00000000d5d00000)
  object space 45568K, 44% used [0x0000000081600000,0x00000000829ca530,0x0000000084280000)
 Metaspace       used 44703K, capacity 46664K, committed 47104K, reserved 1093632K
  class space    used 6272K, capacity 6654K, committed 6656K, reserved 1048576K

Card table byte_map: [0x0000000012430000,0x0000000012830000] byte_map_base: 0x0000000012025000

Marking Bits: (ParMarkBitMap*) 0x000000007688af90
 Begin Bits: [0x0000000012ee0000, 0x0000000014e88000)
 End Bits:   [0x0000000014e88000, 0x0000000016e30000)

Polling page: 0x00000000015e0000

CodeCache: size=245760Kb used=6456Kb max_used=6456Kb free=239303Kb
 bounds [0x0000000003070000, 0x00000000036c0000, 0x0000000012070000]
 total_blobs=3798 nmethods=3251 adapters=458
 compilation: enabled

Compilation events (10 events):
Event: 10.785 Thread 0x0000000017c25800 nmethod 3246 0x00000000036bab10 code [0x00000000036bad20, 0x00000000036bb248]
Event: 10.785 Thread 0x0000000017c25800 3248       1       org.h2.util.ColumnNamerConfiguration::getMaxIdentiferLength (5 bytes)
Event: 10.785 Thread 0x0000000017c25800 nmethod 3248 0x00000000036bb750 code [0x00000000036bb8a0, 0x00000000036bb9b0]
Event: 10.785 Thread 0x0000000017c25800 3249       1       org.h2.util.ColumnNamerConfiguration::getCompiledRegularExpressionMatchAllowed (5 bytes)
Event: 10.785 Thread 0x0000000017c25800 nmethod 3249 0x00000000036bba10 code [0x00000000036bbb60, 0x00000000036bbc70]
Event: 10.785 Thread 0x0000000017c25800 3250       1       org.h2.table.Column::<init> (25 bytes)
Event: 10.785 Thread 0x0000000017c25800 nmethod 3250 0x00000000036bbcd0 code [0x00000000036bbe20, 0x00000000036bbf50]
Event: 10.786 Thread 0x0000000017c25800 3251       1       org.h2.command.Parser::readFactor (91 bytes)
Event: 10.786 Thread 0x0000000017c25800 nmethod 3251 0x00000000036bbfd0 code [0x00000000036bc220, 0x00000000036bc948]
Event: 10.786 Thread 0x0000000017c25800 3255       1       org.h2.command.Parser::readCondition (1170 bytes)

GC Heap History (10 events):
Event: 5.378 GC heap before
{Heap before GC invocations=8 (full 1):
 PSYoungGen      total 142336K, used 133120K [0x00000000d5d00000, 0x00000000df200000, 0x0000000100000000)
  eden space 133120K, 100% used [0x00000000d5d00000,0x00000000ddf00000,0x00000000ddf00000)
  from space 9216K, 0% used [0x00000000de900000,0x00000000de900000,0x00000000df200000)
  to   space 9728K, 0% used [0x00000000ddf00000,0x00000000ddf00000,0x00000000de880000)
 ParOldGen       total 45568K, used 5502K [0x0000000081600000, 0x0000000084280000, 0x00000000d5d00000)
  object space 45568K, 12% used [0x0000000081600000,0x0000000081b5f888,0x0000000084280000)
 Metaspace       used 28951K, capacity 30678K, committed 30848K, reserved 1075200K
  class space    used 4047K, capacity 4376K, committed 4480K, reserved 1048576K
Event: 5.397 GC heap after
Heap after GC invocations=8 (full 1):
 PSYoungGen      total 142848K, used 9703K [0x00000000d5d00000, 0x00000000e6b00000, 0x0000000100000000)
  eden space 133120K, 0% used [0x00000000d5d00000,0x00000000d5d00000,0x00000000ddf00000)
  from space 9728K, 99% used [0x00000000ddf00000,0x00000000de879ec8,0x00000000de880000)
  to   space 12800K, 0% used [0x00000000e5e80000,0x00000000e5e80000,0x00000000e6b00000)
 ParOldGen       total 45568K, used 8621K [0x0000000081600000, 0x0000000084280000, 0x00000000d5d00000)
  object space 45568K, 18% used [0x0000000081600000,0x0000000081e6b468,0x0000000084280000)
 Metaspace       used 28951K, capacity 30678K, committed 30848K, reserved 1075200K
  class space    used 4047K, capacity 4376K, committed 4480K, reserved 1048576K
}
Event: 6.307 GC heap before
{Heap before GC invocations=9 (full 1):
 PSYoungGen      total 142848K, used 126611K [0x00000000d5d00000, 0x00000000e6b00000, 0x0000000100000000)
  eden space 133120K, 87% used [0x00000000d5d00000,0x00000000dcf2ad88,0x00000000ddf00000)
  from space 9728K, 99% used [0x00000000ddf00000,0x00000000de879ec8,0x00000000de880000)
  to   space 12800K, 0% used [0x00000000e5e80000,0x00000000e5e80000,0x00000000e6b00000)
 ParOldGen       total 45568K, used 8621K [0x0000000081600000, 0x0000000084280000, 0x00000000d5d00000)
  object space 45568K, 18% used [0x0000000081600000,0x0000000081e6b468,0x0000000084280000)
 Metaspace       used 33591K, capacity 35390K, committed 35416K, reserved 1079296K
  class space    used 4504K, capacity 4862K, committed 4864K, reserved 1048576K
Event: 6.329 GC heap after
Heap after GC invocations=9 (full 1):
 PSYoungGen      total 259584K, used 10792K [0x00000000d5d00000, 0x00000000e6a00000, 0x0000000100000000)
  eden space 247808K, 0% used [0x00000000d5d00000,0x00000000d5d00000,0x00000000e4f00000)
  from space 11776K, 91% used [0x00000000e5e80000,0x00000000e690a2e8,0x00000000e6a00000)
  to   space 13824K, 0% used [0x00000000e4f00000,0x00000000e4f00000,0x00000000e5c80000)
 ParOldGen       total 45568K, used 8629K [0x0000000081600000, 0x0000000084280000, 0x00000000d5d00000)
  object space 45568K, 18% used [0x0000000081600000,0x0000000081e6d468,0x0000000084280000)
 Metaspace       used 33591K, capacity 35390K, committed 35416K, reserved 1079296K
  class space    used 4504K, capacity 4862K, committed 4864K, reserved 1048576K
}
Event: 6.329 GC heap before
{Heap before GC invocations=10 (full 2):
 PSYoungGen      total 259584K, used 10792K [0x00000000d5d00000, 0x00000000e6a00000, 0x0000000100000000)
  eden space 247808K, 0% used [0x00000000d5d00000,0x00000000d5d00000,0x00000000e4f00000)
  from space 11776K, 91% used [0x00000000e5e80000,0x00000000e690a2e8,0x00000000e6a00000)
  to   space 13824K, 0% used [0x00000000e4f00000,0x00000000e4f00000,0x00000000e5c80000)
 ParOldGen       total 45568K, used 8629K [0x0000000081600000, 0x0000000084280000, 0x00000000d5d00000)
  object space 45568K, 18% used [0x0000000081600000,0x0000000081e6d468,0x0000000084280000)
 Metaspace       used 33591K, capacity 35390K, committed 35416K, reserved 1079296K
  class space    used 4504K, capacity 4862K, committed 4864K, reserved 1048576K
Event: 6.394 GC heap after
Heap after GC invocations=10 (full 2):
 PSYoungGen      total 259584K, used 0K [0x00000000d5d00000, 0x00000000e6a00000, 0x0000000100000000)
  eden space 247808K, 0% used [0x00000000d5d00000,0x00000000d5d00000,0x00000000e4f00000)
  from space 11776K, 0% used [0x00000000e5e80000,0x00000000e5e80000,0x00000000e6a00000)
  to   space 13824K, 0% used [0x00000000e4f00000,0x00000000e4f00000,0x00000000e5c80000)
 ParOldGen       total 45568K, used 15962K [0x0000000081600000, 0x0000000084280000, 0x00000000d5d00000)
  object space 45568K, 35% used [0x0000000081600000,0x0000000082596ad8,0x0000000084280000)
 Metaspace       used 33591K, capacity 35390K, committed 35416K, reserved 1079296K
  class space    used 4504K, capacity 4862K, committed 4864K, reserved 1048576K
}
Event: 8.990 GC heap before
{Heap before GC invocations=11 (full 2):
 PSYoungGen      total 259584K, used 61165K [0x00000000d5d00000, 0x00000000e6a00000, 0x0000000100000000)
  eden space 247808K, 24% used [0x00000000d5d00000,0x00000000d98bb6b8,0x00000000e4f00000)
  from space 11776K, 0% used [0x00000000e5e80000,0x00000000e5e80000,0x00000000e6a00000)
  to   space 13824K, 0% used [0x00000000e4f00000,0x00000000e4f00000,0x00000000e5c80000)
 ParOldGen       total 45568K, used 15962K [0x0000000081600000, 0x0000000084280000, 0x00000000d5d00000)
  object space 45568K, 35% used [0x0000000081600000,0x0000000082596ad8,0x0000000084280000)
 Metaspace       used 41945K, capacity 43844K, committed 44032K, reserved 1091584K
  class space    used 5782K, capacity 6127K, committed 6144K, reserved 1048576K
Event: 9.004 GC heap after
Heap after GC invocations=11 (full 2):
 PSYoungGen      total 261632K, used 8546K [0x00000000d5d00000, 0x00000000e6a00000, 0x0000000100000000)
  eden space 247808K, 0% used [0x00000000d5d00000,0x00000000d5d00000,0x00000000e4f00000)
  from space 13824K, 61% used [0x00000000e4f00000,0x00000000e57589a0,0x00000000e5c80000)
  to   space 11776K, 0% used [0x00000000e5e80000,0x00000000e5e80000,0x00000000e6a00000)
 ParOldGen       total 45568K, used 15970K [0x0000000081600000, 0x0000000084280000, 0x00000000d5d00000)
  object space 45568K, 35% used [0x0000000081600000,0x0000000082598ad8,0x0000000084280000)
 Metaspace       used 41945K, capacity 43844K, committed 44032K, reserved 1091584K
  class space    used 5782K, capacity 6127K, committed 6144K, reserved 1048576K
}
Event: 9.004 GC heap before
{Heap before GC invocations=12 (full 3):
 PSYoungGen      total 261632K, used 8546K [0x00000000d5d00000, 0x00000000e6a00000, 0x0000000100000000)
  eden space 247808K, 0% used [0x00000000d5d00000,0x00000000d5d00000,0x00000000e4f00000)
  from space 13824K, 61% used [0x00000000e4f00000,0x00000000e57589a0,0x00000000e5c80000)
  to   space 11776K, 0% used [0x00000000e5e80000,0x00000000e5e80000,0x00000000e6a00000)
 ParOldGen       total 45568K, used 15970K [0x0000000081600000, 0x0000000084280000, 0x00000000d5d00000)
  object space 45568K, 35% used [0x0000000081600000,0x0000000082598ad8,0x0000000084280000)
 Metaspace       used 41945K, capacity 43844K, committed 44032K, reserved 1091584K
  class space    used 5782K, capacity 6127K, committed 6144K, reserved 1048576K
Event: 9.203 GC heap after
Heap after GC invocations=12 (full 3):
 PSYoungGen      total 261632K, used 0K [0x00000000d5d00000, 0x00000000e6a00000, 0x0000000100000000)
  eden space 247808K, 0% used [0x00000000d5d00000,0x00000000d5d00000,0x00000000e4f00000)
  from space 13824K, 0% used [0x00000000e4f00000,0x00000000e4f00000,0x00000000e5c80000)
  to   space 11776K, 0% used [0x00000000e5e80000,0x00000000e5e80000,0x00000000e6a00000)
 ParOldGen       total 45568K, used 20265K [0x0000000081600000, 0x0000000084280000, 0x00000000d5d00000)
  object space 45568K, 44% used [0x0000000081600000,0x00000000829ca530,0x0000000084280000)
 Metaspace       used 41945K, capacity 43844K, committed 44032K, reserved 1089536K
  class space    used 5782K, capacity 6127K, committed 6144K, reserved 1048576K
}

Deoptimization events (0 events):
No events

Classes redefined (0 events):
No events

Internal exceptions (10 events):
Event: 6.218 Thread 0x000000001a29d800 Exception <a 'java/lang/ArrayIndexOutOfBoundsException'> (0x00000000dc8cdf48) thrown at [C:\jenkins\workspace\8-2-build-windows-amd64-cygwin\jdk8u251\737\hotspot\src\share\vm\runtime\sharedRuntime.cpp, line 605]
Event: 6.403 Thread 0x000000001a110000 Exception <a 'java/lang/reflect/InvocationTargetException'> (0x00000000d5d01c10) thrown at [C:\jenkins\workspace\8-2-build-windows-amd64-cygwin\jdk8u251\737\hotspot\src\share\vm\runtime\reflection.cpp, line 1092]
Event: 6.913 Thread 0x000000001a110000 Exception <a 'java/lang/reflect/InvocationTargetException'> (0x00000000d5d06208) thrown at [C:\jenkins\workspace\8-2-build-windows-amd64-cygwin\jdk8u251\737\hotspot\src\share\vm\runtime\reflection.cpp, line 1092]
Event: 7.416 Thread 0x000000001a110000 Exception <a 'java/lang/reflect/InvocationTargetException'> (0x00000000d5d09f80) thrown at [C:\jenkins\workspace\8-2-build-windows-amd64-cygwin\jdk8u251\737\hotspot\src\share\vm\runtime\reflection.cpp, line 1092]
Event: 7.919 Thread 0x000000001a110000 Exception <a 'java/lang/reflect/InvocationTargetException'> (0x00000000d5d0dcf8) thrown at [C:\jenkins\workspace\8-2-build-windows-amd64-cygwin\jdk8u251\737\hotspot\src\share\vm\runtime\reflection.cpp, line 1092]
Event: 8.372 Thread 0x000000001a29d800 Exception <a 'java/lang/ArrayIndexOutOfBoundsException'> (0x00000000d8d94be8) thrown at [C:\jenkins\workspace\8-2-build-windows-amd64-cygwin\jdk8u251\737\hotspot\src\share\vm\runtime\sharedRuntime.cpp, line 605]
Event: 8.421 Thread 0x000000001a110000 Exception <a 'java/lang/reflect/InvocationTargetException'> (0x00000000d5d11a70) thrown at [C:\jenkins\workspace\8-2-build-windows-amd64-cygwin\jdk8u251\737\hotspot\src\share\vm\runtime\reflection.cpp, line 1092]
Event: 8.975 Thread 0x000000001a110000 Exception <a 'java/lang/reflect/InvocationTargetException'> (0x00000000d5d157e8) thrown at [C:\jenkins\workspace\8-2-build-windows-amd64-cygwin\jdk8u251\737\hotspot\src\share\vm\runtime\reflection.cpp, line 1092]
Event: 9.300 Thread 0x000000001a29d800 Exception <a 'java/lang/ArrayIndexOutOfBoundsException'> (0x00000000d5f756d8) thrown at [C:\jenkins\workspace\8-2-build-windows-amd64-cygwin\jdk8u251\737\hotspot\src\share\vm\runtime\sharedRuntime.cpp, line 605]
Event: 9.479 Thread 0x000000001a110000 Exception <a 'java/lang/reflect/InvocationTargetException'> (0x00000000d6835e80) thrown at [C:\jenkins\workspace\8-2-build-windows-amd64-cygwin\jdk8u251\737\hotspot\src\share\vm\runtime\reflection.cpp, line 1092]

Events (10 events):
Event: 10.786 loading class org/h2/util/Permutations
Event: 10.786 loading class org/h2/util/Permutations done
Event: 10.792 loading class org/h2/util/IntArray
Event: 10.792 loading class org/h2/util/IntArray done
Event: 10.810 loading class org/h2/util/CurrentTimestamp
Event: 10.810 loading class org/h2/util/CurrentTimestamp done
Event: 10.811 loading class org/h2/util/DateTimeUtils
Event: 10.811 loading class org/h2/util/DateTimeUtils done
Event: 10.833 loading class org/h2/util/TimeZoneProvider
Event: 10.833 loading class org/h2/util/TimeZoneProvider done


Dynamic libraries:
0x00007ff6808e0000 - 0x00007ff680917000 	C:\Program Files\Java\jre1.8.0_251\bin\javaw.exe
0x00007ffaebc20000 - 0x00007ffaebe10000 	C:\WINDOWS\SYSTEM32\ntdll.dll
0x00007ffaeb9c0000 - 0x00007ffaeba72000 	C:\WINDOWS\System32\KERNEL32.DLL
0x00007ffae9870000 - 0x00007ffae9b14000 	C:\WINDOWS\System32\KERNELBASE.dll
0x00007ffae9f60000 - 0x00007ffaea003000 	C:\WINDOWS\System32\ADVAPI32.dll
0x00007ffaea930000 - 0x00007ffaea9ce000 	C:\WINDOWS\System32\msvcrt.dll
0x00007ffaeb280000 - 0x00007ffaeb317000 	C:\WINDOWS\System32\sechost.dll
0x00007ffaea9d0000 - 0x00007ffaeaaf0000 	C:\WINDOWS\System32\RPCRT4.dll
0x00007ffae9ce0000 - 0x00007ffae9e74000 	C:\WINDOWS\System32\USER32.dll
0x00007ffae9c40000 - 0x00007ffae9c61000 	C:\WINDOWS\System32\win32u.dll
0x00007ffae9e80000 - 0x00007ffae9ea6000 	C:\WINDOWS\System32\GDI32.dll
0x00007ffae8da0000 - 0x00007ffae8f34000 	C:\WINDOWS\System32\gdi32full.dll
0x00007ffae9b20000 - 0x00007ffae9bbe000 	C:\WINDOWS\System32\msvcp_win.dll
0x00007ffae8ff0000 - 0x00007ffae90ea000 	C:\WINDOWS\System32\ucrtbase.dll
0x00007ffadfbe0000 - 0x00007ffadfe64000 	C:\WINDOWS\WinSxS\amd64_microsoft.windows.common-controls_6595b64144ccf1df_6.0.18362.836_none_e6c4b943130f18ed\COMCTL32.dll
0x00007ffaeaf20000 - 0x00007ffaeb256000 	C:\WINDOWS\System32\combase.dll
0x00007ffae9bc0000 - 0x00007ffae9c40000 	C:\WINDOWS\System32\bcryptPrimitives.dll
0x00007ffaeaaf0000 - 0x00007ffaeab1e000 	C:\WINDOWS\System32\IMM32.DLL
0x00000000769d0000 - 0x0000000076aa2000 	C:\Program Files\Java\jre1.8.0_251\bin\msvcr100.dll
0x0000000076060000 - 0x000000007690b000 	C:\Program Files\Java\jre1.8.0_251\bin\server\jvm.dll
0x00007ffaeb270000 - 0x00007ffaeb278000 	C:\WINDOWS\System32\PSAPI.DLL
0x00007ffae5400000 - 0x00007ffae540a000 	C:\WINDOWS\SYSTEM32\VERSION.dll
0x00007ffae3240000 - 0x00007ffae3264000 	C:\WINDOWS\SYSTEM32\WINMM.dll
0x00007ffad8230000 - 0x00007ffad8239000 	C:\WINDOWS\SYSTEM32\WSOCK32.dll
0x00007ffaeb8d0000 - 0x00007ffaeb93f000 	C:\WINDOWS\System32\WS2_32.dll
0x00007ffae1300000 - 0x00007ffae132d000 	C:\WINDOWS\SYSTEM32\WINMMBASE.dll
0x00007ffae8d50000 - 0x00007ffae8d9a000 	C:\WINDOWS\System32\cfgmgr32.dll
0x00007ffae11d0000 - 0x00007ffae11df000 	C:\Program Files\Java\jre1.8.0_251\bin\verify.dll
0x00007ffac7bf0000 - 0x00007ffac7c19000 	C:\Program Files\Java\jre1.8.0_251\bin\java.dll
0x00007ffae0b50000 - 0x00007ffae0b66000 	C:\Program Files\Java\jre1.8.0_251\bin\zip.dll
0x00007ffaea010000 - 0x00007ffaea6f4000 	C:\WINDOWS\System32\SHELL32.dll
0x00007ffaeab20000 - 0x00007ffaeabc9000 	C:\WINDOWS\System32\shcore.dll
0x00007ffae90f0000 - 0x00007ffae986e000 	C:\WINDOWS\System32\windows.storage.dll
0x00007ffae8b60000 - 0x00007ffae8b83000 	C:\WINDOWS\System32\profapi.dll
0x00007ffae8b10000 - 0x00007ffae8b5a000 	C:\WINDOWS\System32\powrprof.dll
0x00007ffae8ae0000 - 0x00007ffae8af0000 	C:\WINDOWS\System32\UMPDC.dll
0x00007ffaeadf0000 - 0x00007ffaeae42000 	C:\WINDOWS\System32\shlwapi.dll
0x00007ffae8b90000 - 0x00007ffae8ba1000 	C:\WINDOWS\System32\kernel.appcore.dll
0x00007ffae8bb0000 - 0x00007ffae8bc7000 	C:\WINDOWS\System32\cryptsp.dll
0x00007ffae5740000 - 0x00007ffae574d000 	C:\Program Files\Java\jre1.8.0_251\bin\management.dll
0x00007ffade8d0000 - 0x00007ffade8ea000 	C:\Program Files\Java\jre1.8.0_251\bin\net.dll
0x00007ffae82f0000 - 0x00007ffae8357000 	C:\WINDOWS\system32\mswsock.dll
0x00007ffaddc70000 - 0x00007ffaddc82000 	C:\Program Files\Java\jre1.8.0_251\bin\nio.dll
0x00007ffae56b0000 - 0x00007ffae56c6000 	C:\WINDOWS\system32\napinsp.dll
0x00007ffae5690000 - 0x00007ffae56aa000 	C:\WINDOWS\system32\pnrpnsp.dll
0x00007ffae8040000 - 0x00007ffae810b000 	C:\WINDOWS\SYSTEM32\DNSAPI.dll
0x00007ffae9cd0000 - 0x00007ffae9cd8000 	C:\WINDOWS\System32\NSI.dll
0x00007ffae8000000 - 0x00007ffae803a000 	C:\WINDOWS\SYSTEM32\IPHLPAPI.DLL
0x00007ffae5660000 - 0x00007ffae566e000 	C:\WINDOWS\System32\winrnr.dll
0x00007ffae4540000 - 0x00007ffae455c000 	C:\WINDOWS\system32\NLAapi.dll
0x00007ffae5640000 - 0x00007ffae5655000 	C:\WINDOWS\system32\wshbth.dll
0x00007ffae39f0000 - 0x00007ffae39fa000 	C:\Windows\System32\rasadhlp.dll
0x00007ffae1660000 - 0x00007ffae16d7000 	C:\WINDOWS\System32\fwpuclnt.dll
0x00007ffae8d20000 - 0x00007ffae8d46000 	C:\WINDOWS\System32\bcrypt.dll
0x00007ffae7e60000 - 0x00007ffae7e93000 	C:\WINDOWS\system32\rsaenh.dll
0x00007ffae8a00000 - 0x00007ffae8a25000 	C:\WINDOWS\SYSTEM32\USERENV.dll
0x00007ffae84c0000 - 0x00007ffae84cc000 	C:\WINDOWS\SYSTEM32\CRYPTBASE.dll
0x00007ffae20a0000 - 0x00007ffae20b6000 	C:\WINDOWS\SYSTEM32\dhcpcsvc6.DLL
0x00007ffae2730000 - 0x00007ffae274c000 	C:\WINDOWS\SYSTEM32\dhcpcsvc.DLL

VM Arguments:
jvm_args: -Dcom.sun.management.jmxremote -Dcom.sun.management.jmxremote.port=62579 -Dcom.sun.management.jmxremote.authenticate=false -Dcom.sun.management.jmxremote.ssl=false -Djava.rmi.server.hostname=localhost -Dspring.jmx.enabled=true -Dspring.application.admin.enabled=true -Xverify:none -XX:TieredStopAtLevel=1 -Dspring.boot.project.name=TechTalentBlog5 -Dfile.encoding=UTF-8 
java_command: com.techtalentsouth.TechTalentBlog.TechTalentBlogApplication
java_class_path (initial): C:\Users\miglupalima\Desktop\Java Work\TechTalentBlog5\target\classes;C:\Users\miglupalima\.m2\repository\org\springframework\boot\spring-boot-starter-data-jpa\2.2.7.RELEASE\spring-boot-starter-data-jpa-2.2.7.RELEASE.jar;C:\Users\miglupalima\.m2\repository\org\springframework\boot\spring-boot-starter-aop\2.2.7.RELEASE\spring-boot-starter-aop-2.2.7.RELEASE.jar;C:\Users\miglupalima\.m2\repository\org\springframework\spring-aop\5.2.6.RELEASE\spring-aop-5.2.6.RELEASE.jar;C:\Users\miglupalima\.m2\repository\org\aspectj\aspectjweaver\1.9.5\aspectjweaver-1.9.5.jar;C:\Users\miglupalima\.m2\repository\org\springframework\boot\spring-boot-starter-jdbc\2.2.7.RELEASE\spring-boot-starter-jdbc-2.2.7.RELEASE.jar;C:\Users\miglupalima\.m2\repository\com\zaxxer\HikariCP\3.4.3\HikariCP-3.4.3.jar;C:\Users\miglupalima\.m2\repository\org\springframework\spring-jdbc\5.2.6.RELEASE\spring-jdbc-5.2.6.RELEASE.jar;C:\Users\miglupalima\.m2\repository\jakarta\persistence\jakarta.persistence-api\2.2.3\jakarta.persistence-api-2.2.3.jar;C:\Users\miglupalima\.m2\repository\jakarta\transaction\jakarta.transaction-api\1.3.3\jakarta.transaction-api-1.3.3.jar;C:\Users\miglupalima\.m2\repository\org\hibernate\hibernate-core\5.4.15.Final\hibernate-core-5.4.15.Final.jar;C:\Users\miglupalima\.m2\repository\org\jboss\logging\jboss-logging\3.4.1.Final\jboss-logging-3.4.1.Final.jar;C:\Users\miglupalima\.m2\repository\org\javassist\javassist\3.24.0-GA\javassist-3.24.0-GA.jar;C:\Users\miglupalima\.m2\repository\net\bytebuddy\byte-buddy\1.10.10\byte-buddy-1.10.10.jar;C:\Users\miglupalima\.m2\repository\antlr\antlr\2.7.7\antlr-2.7.7.jar;C:\Users\miglupalima\.m2\repository\org\jboss\jandex\2.1.3.Final\jandex-2.1.3.Final.jar;C:\Users\miglupalima\.m2\repository\com\fasterxml\classmate\1.5.1\classmate-1.5.1.jar;C:\Users\miglupalima\.m2\repository\org\dom4j\dom4j\2.1.3\dom4j-2.1.3.jar;C:\Users\miglupalima\.m2\repository\org\hibernate\common\hibernate-commons-annotations\5.1.0.Final\hibernat
Launcher Type: SUN_STANDARD

Environment Variables:
PATH=C:/Program Files/Java/jre1.8.0_251/bin/server;C:/Program Files/Java/jre1.8.0_251/bin;C:/Program Files/Java/jre1.8.0_251/lib/amd64;C:\Program Files (x86)\Common Files\Oracle\Java\javapath;C:\ProgramData\Oracle\Java\javapath;C:\Program Files (x86)\Intel\iCLS Client\;C:\Program Files\Intel\iCLS Client\;C:\Windows\system32;C:\Windows;C:\Windows\System32\Wbem;C:\Windows\System32\WindowsPowerShell\v1.0\;C:\Program Files\Intel\WiFi\bin\;C:\Program Files\Common Files\Intel\WirelessCommon\;C:\Program Files (x86)\Common Files\Intuit\QBPOSSDKRuntime;C:\Program Files (x86)\NVIDIA Corporation\PhysX\Common;C:\WINDOWS\system32;C:\WINDOWS;C:\WINDOWS\System32\Wbem;C:\WINDOWS\System32\WindowsPowerShell\v1.0\;C:\Program Files (x86)\QuickTime\QTSystem\;C:\Program Files\Intel\Intel(R) Management Engine Components\DAL;C:\Program Files\Intel\Intel(R) Management Engine Components\IPT;C:\WINDOWS\System32\OpenSSH\;C:\Program Files\MATLAB\R2019a\bin;C:\Program Files\SASHome\SASFoundation\9.4\ets\sasexe;C:\Program Files\SASHome\Secure\ccme4;C:\Program Files\SASHome\x86\Secure\ccme4;C:\Program Files\Microsoft SQL Server\Client SDK\ODBC\170\Tools\Binn\;C:\Program Files (x86)\Microsoft SQL Server\150\Tools\Binn\;C:\Program Files\Microsoft SQL Server\150\Tools\Binn\;C:\Program Files\Microsoft SQL Server\150\DTS\Binn\;C:\Program Files (x86)\Microsoft SQL Server\150\DTS\Binn\;C:\Program Files\Git\cmd;C:\Users\miglupalima\anaconda3;C:\Users\miglupalima\anaconda3\Library\mingw-w64\bin;C:\Users\miglupalima\anaconda3\Library\usr\bin;C:\Users\miglupalima\anaconda3\Library\bin;C:\Users\miglupalima\anaconda3\Scripts;C:\Program Files\MySQL\MySQL Shell 8.0\bin\;%USERPROFILE%\AppData\Local\Microsoft\WindowsApps;C:\Users\miglupalima\Documents\Eclipse_Java\eclipse;
USERNAME=miglupalima
OS=Windows_NT
PROCESSOR_IDENTIFIER=Intel64 Family 6 Model 61 Stepping 4, GenuineIntel



---------------  S Y S T E M  ---------------

OS: Windows 10.0 , 64 bit Build 18362 (10.0.18362.778)

CPU:total 4 (initial active 4) (2 cores per cpu, 2 threads per core) family 6 model 61 stepping 4, cmov, cx8, fxsr, mmx, sse, sse2, sse3, ssse3, sse4.1, sse4.2, popcnt, avx, avx2, aes, clmul, erms, 3dnowpref, lzcnt, ht, tsc, tscinvbit, bmi1, bmi2, adx

Memory: 4k page, physical 8296656k(769056k free), swap 33462480k(3388k free)

vm_info: Java HotSpot(TM) 64-Bit Server VM (25.251-b08) for windows-amd64 JRE (1.8.0_251-b08), built on Mar 12 2020 06:31:49 by "" with MS VC++ 10.0 (VS2010)

time: Mon May 25 11:09:00 2020
timezone: Eastern Daylight Time
elapsed time: 11 seconds (0d 0h 0m 11s)

